<?xml version="1.0" encoding="UTF-8"?>
<testng-results ignored="0" total="4" passed="4" failed="0" skipped="0">
  <reporter-output>
  </reporter-output>
  <suite started-at="2023-04-03T13:26:16 AEST" name="PetSuite" finished-at="2023-04-03T13:26:26 AEST" duration-ms="9972">
    <groups>
    </groups>
    <test started-at="2023-04-03T13:26:16 AEST" name="PetTests" finished-at="2023-04-03T13:26:26 AEST" duration-ms="9972">
      <class name="api.test.UserTests2">
        <test-method is-config="true" signature="setup()[pri:0, instance:api.test.UserTests2@437da279]" started-at="2023-04-03T13:26:16 AEST" name="setup" finished-at="2023-04-03T13:26:17 AEST" duration-ms="667" status="PASS">
          <reporter-output>
          </reporter-output>
        </test-method> <!-- setup -->
        <test-method signature="testPostUser()[pri:1, instance:api.test.UserTests2@437da279]" started-at="2023-04-03T13:26:17 AEST" name="testPostUser" finished-at="2023-04-03T13:26:20 AEST" duration-ms="3100" status="PASS">
          <reporter-output>
          </reporter-output>
        </test-method> <!-- testPostUser -->
        <test-method signature="testGetUserByName()[pri:2, instance:api.test.UserTests2@437da279]" started-at="2023-04-03T13:26:20 AEST" name="testGetUserByName" finished-at="2023-04-03T13:26:22 AEST" duration-ms="1567" status="PASS">
          <reporter-output>
          </reporter-output>
        </test-method> <!-- testGetUserByName -->
        <test-method signature="testUpdateUserByName()[pri:3, instance:api.test.UserTests2@437da279]" started-at="2023-04-03T13:26:22 AEST" name="testUpdateUserByName" finished-at="2023-04-03T13:26:25 AEST" duration-ms="2955" status="PASS">
          <reporter-output>
          </reporter-output>
        </test-method> <!-- testUpdateUserByName -->
        <test-method signature="testDeleteUserByName()[pri:4, instance:api.test.UserTests2@437da279]" started-at="2023-04-03T13:26:25 AEST" name="testDeleteUserByName" finished-at="2023-04-03T13:26:26 AEST" duration-ms="1338" status="PASS">
          <reporter-output>
          </reporter-output>
        </test-method> <!-- testDeleteUserByName -->
      </class> <!-- api.test.UserTests2 -->
    </test> <!-- PetTests -->
  </suite> <!-- PetSuite -->
</testng-results>
