<?xml version="1.0" encoding="UTF-8"?>
<!-- Generated by org.testng.reporters.JUnitXMLReporter -->
<testsuite ignored="0" hostname="C02G59ZLML7H" failures="0" tests="4" name="PetTests" time="9.972" errors="0" timestamp="2023-04-03T13:26:26 AEST">
  <testcase classname="api.test.UserTests2" name="testPostUser" time="3.1"/>
  <testcase classname="api.test.UserTests2" name="testGetUserByName" time="1.567"/>
  <testcase classname="api.test.UserTests2" name="testUpdateUserByName" time="2.955"/>
  <testcase classname="api.test.UserTests2" name="testDeleteUserByName" time="1.338"/>
</testsuite> <!-- PetTests -->
